Determining if the pthread_create exist failed with the following output:
Change Dir: /home/agent/xcj_ws/C++_test/pytorch/PCB_reid/build/CMakeFiles/CMakeTmp

Run Build Command:"/usr/bin/make" "cmTC_045ca/fast"
/usr/bin/make -f CMakeFiles/cmTC_045ca.dir/build.make CMakeFiles/cmTC_045ca.dir/build
make[1]: Entering directory '/home/agent/xcj_ws/C++_test/pytorch/PCB_reid/build/CMakeFiles/CMakeTmp'
Building C object CMakeFiles/cmTC_045ca.dir/CheckSymbolExists.c.o
/usr/bin/cc    -o CMakeFiles/cmTC_045ca.dir/CheckSymbolExists.c.o   -c /home/agent/xcj_ws/C++_test/pytorch/PCB_reid/build/CMakeFiles/CMakeTmp/CheckSymbolExists.c
Linking C executable cmTC_045ca
/opt/cmake-3.13.0/bin/cmake -E cmake_link_script CMakeFiles/cmTC_045ca.dir/link.txt --verbose=1
/usr/bin/cc      -rdynamic CMakeFiles/cmTC_045ca.dir/CheckSymbolExists.c.o  -o cmTC_045ca 
CMakeFiles/cmTC_045ca.dir/CheckSymbolExists.c.o：在函数‘main’中：
CheckSymbolExists.c:(.text+0x16)：对‘pthread_create’未定义的引用
collect2: error: ld returned 1 exit status
CMakeFiles/cmTC_045ca.dir/build.make:86: recipe for target 'cmTC_045ca' failed
make[1]: *** [cmTC_045ca] Error 1
make[1]: Leaving directory '/home/agent/xcj_ws/C++_test/pytorch/PCB_reid/build/CMakeFiles/CMakeTmp'
Makefile:121: recipe for target 'cmTC_045ca/fast' failed
make: *** [cmTC_045ca/fast] Error 2

File /home/agent/xcj_ws/C++_test/pytorch/PCB_reid/build/CMakeFiles/CMakeTmp/CheckSymbolExists.c:
/* */
#include <pthread.h>

int main(int argc, char** argv)
{
  (void)argv;
#ifndef pthread_create
  return ((int*)(&pthread_create))[argc];
#else
  (void)argc;
  return 0;
#endif
}

Determining if the function pthread_create exists in the pthreads failed with the following output:
Change Dir: /home/agent/xcj_ws/C++_test/pytorch/PCB_reid/build/CMakeFiles/CMakeTmp

Run Build Command:"/usr/bin/make" "cmTC_e6afd/fast"
/usr/bin/make -f CMakeFiles/cmTC_e6afd.dir/build.make CMakeFiles/cmTC_e6afd.dir/build
make[1]: Entering directory '/home/agent/xcj_ws/C++_test/pytorch/PCB_reid/build/CMakeFiles/CMakeTmp'
Building C object CMakeFiles/cmTC_e6afd.dir/CheckFunctionExists.c.o
/usr/bin/cc   -DCHECK_FUNCTION_EXISTS=pthread_create   -o CMakeFiles/cmTC_e6afd.dir/CheckFunctionExists.c.o   -c /opt/cmake-3.13.0/share/cmake-3.13/Modules/CheckFunctionExists.c
Linking C executable cmTC_e6afd
/opt/cmake-3.13.0/bin/cmake -E cmake_link_script CMakeFiles/cmTC_e6afd.dir/link.txt --verbose=1
/usr/bin/cc  -DCHECK_FUNCTION_EXISTS=pthread_create    -rdynamic CMakeFiles/cmTC_e6afd.dir/CheckFunctionExists.c.o  -o cmTC_e6afd -lpthreads 
/usr/bin/ld: 找不到 -lpthreads
collect2: error: ld returned 1 exit status
CMakeFiles/cmTC_e6afd.dir/build.make:86: recipe for target 'cmTC_e6afd' failed
make[1]: *** [cmTC_e6afd] Error 1
make[1]: Leaving directory '/home/agent/xcj_ws/C++_test/pytorch/PCB_reid/build/CMakeFiles/CMakeTmp'
Makefile:121: recipe for target 'cmTC_e6afd/fast' failed
make: *** [cmTC_e6afd/fast] Error 2


